{
  "/home/patsicko/Desktop/my-brand-patrick/ecommerce-react/src/App.jsx": {
    "path": "/home/patsicko/Desktop/my-brand-patrick/ecommerce-react/src/App.jsx",
    "all": false,
    "statementMap": {
      "0": { "start": { "line": 1, "column": 0 }, "end": { "line": 1, "column": 19 } },
      "1": { "start": { "line": 2, "column": 0 }, "end": { "line": 2, "column": 0 } },
      "2": { "start": { "line": 3, "column": 0 }, "end": { "line": 3, "column": 16 } },
      "3": { "start": { "line": 4, "column": 0 }, "end": { "line": 4, "column": 10 } },
      "4": { "start": { "line": 5, "column": 0 }, "end": { "line": 5, "column": 59 } },
      "5": { "start": { "line": 6, "column": 0 }, "end": { "line": 6, "column": 103 } },
      "6": { "start": { "line": 7, "column": 0 }, "end": { "line": 7, "column": 32 } },
      "7": { "start": { "line": 8, "column": 0 }, "end": { "line": 8, "column": 11 } },
      "8": { "start": { "line": 9, "column": 0 }, "end": { "line": 9, "column": 10 } },
      "9": { "start": { "line": 10, "column": 0 }, "end": { "line": 10, "column": 4 } },
      "10": { "start": { "line": 11, "column": 0 }, "end": { "line": 11, "column": 1 } },
      "11": { "start": { "line": 12, "column": 0 }, "end": { "line": 12, "column": 0 } },
      "12": { "start": { "line": 13, "column": 0 }, "end": { "line": 13, "column": 19 } }
    },
    "s": {
      "0": 1,
      "1": 1,
      "2": 1,
      "3": 1,
      "4": 1,
      "5": 1,
      "6": 1,
      "7": 1,
      "8": 1,
      "9": 1,
      "10": 1,
      "11": 1,
      "12": 1
    },
    "branchMap": {
      "0": {
        "type": "branch",
        "line": 3,
        "loc": { "start": { "line": 3, "column": 0 }, "end": { "line": 11, "column": 1 } },
        "locations": [{ "start": { "line": 3, "column": 0 }, "end": { "line": 11, "column": 1 } }]
      }
    },
    "b": { "0": [1] },
    "fnMap": {
      "0": {
        "name": "App",
        "decl": { "start": { "line": 3, "column": 0 }, "end": { "line": 11, "column": 1 } },
        "loc": { "start": { "line": 3, "column": 0 }, "end": { "line": 11, "column": 1 } },
        "line": 3
      }
    },
    "f": { "0": 1 }
  }
}
